{"/Users/alexquirk/Dev/personal/gym-diary/src/app/client.js": {"path":"/Users/alexquirk/Dev/personal/gym-diary/src/app/client.js","statementMap":{"0":{"start":{"line":15,"column":16},"end":{"line":15,"column":38}},"1":{"start":{"line":17,"column":19},"end":{"line":17,"column":44}},"2":{"start":{"line":19,"column":15},"end":{"line":19,"column":45}},"3":{"start":{"line":21,"column":14},"end":{"line":21,"column":64}},"4":{"start":{"line":29,"column":26},"end":{"line":33,"column":1}},"5":{"start":{"line":30,"column":2},"end":{"line":32,"column":13}},"6":{"start":{"line":35,"column":0},"end":{"line":35,"column":39}}},"fnMap":{"0":{"name":"(anonymous_0)","decl":{"start":{"line":29,"column":26},"end":{"line":29,"column":27}},"loc":{"start":{"line":30,"column":2},"end":{"line":32,"column":13}},"line":30}},"branchMap":{},"s":{"0":1,"1":1,"2":1,"3":1,"4":1,"5":2,"6":1},"f":{"0":2},"b":{},"_coverageSchema":"332fd63041d2c1bcb487cc26dd0d5f7d97098a6c","hash":"3fb44b67646ae7b85b1798ace201944d8b022f04"}
,"/Users/alexquirk/Dev/personal/gym-diary/src/app/routes.jsx": {"path":"/Users/alexquirk/Dev/personal/gym-diary/src/app/routes.jsx","statementMap":{"0":{"start":{"line":1,"column":0},"end":{"line":null,"column":-1}},"1":{"start":{"line":2,"column":0},"end":{"line":null,"column":-1}},"2":{"start":{"line":3,"column":0},"end":{"line":null,"column":-1}},"3":{"start":{"line":5,"column":15},"end":{"line":5,"column":0}}},"fnMap":{},"branchMap":{},"s":{"0":0,"1":0,"2":0,"3":0},"f":{},"b":{}}
,"/Users/alexquirk/Dev/personal/gym-diary/src/app/containers/App.jsx": {"path":"/Users/alexquirk/Dev/personal/gym-diary/src/app/containers/App.jsx","statementMap":{"0":{"start":{"line":1,"column":0},"end":{"line":null,"column":-1}},"1":{"start":{"line":2,"column":0},"end":{"line":null,"column":-1}},"2":{"start":{"line":3,"column":0},"end":{"line":null,"column":-1}},"3":{"start":{"line":4,"column":0},"end":{"line":null,"column":-1}},"4":{"start":{"line":6,"column":12},"end":{"line":6,"column":0}},"5":{"start":{"line":6,"column":12},"end":{"line":6,"column":11}},"6":{"start":{"line":6,"column":12},"end":{"line":null,"column":-1}},"7":{"start":{"line":20,"column":0},"end":{"line":null,"column":-1}}},"fnMap":{"0":{"name":"App","decl":{"start":{"line":6,"column":6},"end":{"line":6,"column":12}},"loc":{"start":{"line":6,"column":12},"end":{"line":6,"column":0}}}},"branchMap":{},"s":{"0":0,"1":0,"2":0,"3":0,"4":0,"5":0,"6":0,"7":0},"f":{"0":0},"b":{}}
,"/Users/alexquirk/Dev/personal/gym-diary/src/app/containers/Home.jsx": {"path":"/Users/alexquirk/Dev/personal/gym-diary/src/app/containers/Home.jsx","statementMap":{"0":{"start":{"line":1,"column":0},"end":{"line":null,"column":-1}},"1":{"start":{"line":3,"column":13},"end":{"line":3,"column":0}},"2":{"start":{"line":3,"column":13},"end":{"line":null,"column":-1}}},"fnMap":{"0":{"name":"Home","decl":{"start":{"line":3,"column":6},"end":{"line":3,"column":13}},"loc":{"start":{"line":3,"column":13},"end":{"line":3,"column":0}}}},"branchMap":{},"s":{"0":0,"1":0,"2":0},"f":{"0":0},"b":{}}
,"/Users/alexquirk/Dev/personal/gym-diary/src/app/containers/List.jsx": {"path":"/Users/alexquirk/Dev/personal/gym-diary/src/app/containers/List.jsx","statementMap":{"0":{"start":{"line":1,"column":0},"end":{"line":null,"column":-1}},"1":{"start":{"line":3,"column":13},"end":{"line":3,"column":0}},"2":{"start":{"line":3,"column":13},"end":{"line":null,"column":-1}}},"fnMap":{"0":{"name":"List","decl":{"start":{"line":3,"column":6},"end":{"line":3,"column":13}},"loc":{"start":{"line":3,"column":13},"end":{"line":3,"column":0}}}},"branchMap":{},"s":{"0":0,"1":0,"2":0},"f":{"0":0},"b":{}}
,"/Users/alexquirk/Dev/personal/gym-diary/src/app/reducers/index.js": {"path":"/Users/alexquirk/Dev/personal/gym-diary/src/app/reducers/index.js","statementMap":{"0":{"start":{"line":1,"column":0},"end":{"line":null,"column":-1}},"1":{"start":{"line":2,"column":0},"end":{"line":null,"column":-1}},"2":{"start":{"line":4,"column":20},"end":{"line":4,"column":0}}},"fnMap":{},"branchMap":{},"s":{"0":0,"1":0,"2":0},"f":{},"b":{}}
,"/Users/alexquirk/Dev/personal/gym-diary/src/server/index.js": {"path":"/Users/alexquirk/Dev/personal/gym-diary/src/server/index.js","statementMap":{"0":{"start":{"line":1,"column":0},"end":{"line":null,"column":-1}},"1":{"start":{"line":2,"column":0},"end":{"line":null,"column":-1}},"2":{"start":{"line":4,"column":0},"end":{"line":null,"column":-1}},"3":{"start":{"line":5,"column":0},"end":{"line":null,"column":-1}},"4":{"start":{"line":6,"column":0},"end":{"line":null,"column":-1}},"5":{"start":{"line":8,"column":12},"end":{"line":8,"column":0}},"6":{"start":{"line":10,"column":0},"end":{"line":null,"column":-1}}},"fnMap":{},"branchMap":{},"s":{"0":0,"1":0,"2":0,"3":0,"4":0,"5":0,"6":0},"f":{},"b":{}}
,"/Users/alexquirk/Dev/personal/gym-diary/src/server/logger.js": {"path":"/Users/alexquirk/Dev/personal/gym-diary/src/server/logger.js","statementMap":{"0":{"start":{"line":2,"column":0},"end":{"line":null,"column":-1}},"1":{"start":{"line":4,"column":15},"end":{"line":4,"column":0}},"2":{"start":{"line":21,"column":0},"end":{"line":27,"column":1}},"3":{"start":{"line":22,"column":2},"end":{"line":null,"column":-1}}},"fnMap":{},"branchMap":{"0":{"loc":{"start":{"line":21,"column":0},"end":{"line":27,"column":1}},"type":"if","locations":[{"start":{"line":21,"column":0},"end":{"line":27,"column":1}},{"start":{"line":21,"column":0},"end":{"line":27,"column":1}}]}},"s":{"0":0,"1":0,"2":0,"3":0},"f":{},"b":{"0":[0,0]}}
,"/Users/alexquirk/Dev/personal/gym-diary/src/server/startApp.js": {"path":"/Users/alexquirk/Dev/personal/gym-diary/src/server/startApp.js","statementMap":{"0":{"start":{"line":2,"column":0},"end":{"line":null,"column":-1}},"1":{"start":{"line":3,"column":0},"end":{"line":null,"column":-1}},"2":{"start":{"line":6,"column":25},"end":{"line":6,"column":0}},"3":{"start":{"line":7,"column":22},"end":{"line":7,"column":2}},"4":{"start":{"line":9,"column":9},"end":{"line":null,"column":-1}},"5":{"start":{"line":12,"column":2},"end":{"line":null,"column":-1}},"6":{"start":{"line":13,"column":4},"end":{"line":null,"column":-1}},"7":{"start":{"line":14,"column":4},"end":{"line":16,"column":5}},"8":{"start":{"line":15,"column":6},"end":{"line":null,"column":-1}}},"fnMap":{"0":{"name":"startApplication","decl":{"start":{"line":6,"column":6},"end":{"line":6,"column":25}},"loc":{"start":{"line":6,"column":32},"end":{"line":6,"column":0}}},"1":{"name":"(anonymous_2)","decl":{"start":{"line":9,"column":9},"end":{"line":null,"column":-1}},"loc":{"start":{"line":9,"column":9},"end":{"line":7,"column":22}}},"2":{"name":"(anonymous_3)","decl":{"start":{"line":12,"column":19},"end":{"line":12,"column":24}},"loc":{"start":{"line":12,"column":25},"end":{"line":12,"column":2}}}},"branchMap":{"0":{"loc":{"start":{"line":14,"column":4},"end":{"line":16,"column":5}},"type":"if","locations":[{"start":{"line":14,"column":4},"end":{"line":16,"column":5}},{"start":{"line":14,"column":4},"end":{"line":16,"column":5}}]}},"s":{"0":0,"1":0,"2":0,"3":0,"4":0,"5":0,"6":0,"7":0,"8":0},"f":{"0":0,"1":0,"2":0},"b":{"0":[0,0]}}
,"/Users/alexquirk/Dev/personal/gym-diary/src/server/config/index.js": {"path":"/Users/alexquirk/Dev/personal/gym-diary/src/server/config/index.js","statementMap":{"0":{"start":{"line":1,"column":0},"end":{"line":null,"column":-1}}},"fnMap":{},"branchMap":{},"s":{"0":0},"f":{},"b":{}}
,"/Users/alexquirk/Dev/personal/gym-diary/src/server/middlewares/registerCommonMiddleware.js": {"path":"/Users/alexquirk/Dev/personal/gym-diary/src/server/middlewares/registerCommonMiddleware.js","statementMap":{"0":{"start":{"line":2,"column":0},"end":{"line":null,"column":-1}},"1":{"start":{"line":3,"column":0},"end":{"line":null,"column":-1}},"2":{"start":{"line":4,"column":0},"end":{"line":null,"column":-1}},"3":{"start":{"line":5,"column":0},"end":{"line":null,"column":-1}},"4":{"start":{"line":6,"column":0},"end":{"line":null,"column":-1}},"5":{"start":{"line":7,"column":0},"end":{"line":null,"column":-1}},"6":{"start":{"line":9,"column":33},"end":{"line":9,"column":0}},"7":{"start":{"line":10,"column":2},"end":{"line":null,"column":-1}},"8":{"start":{"line":11,"column":2},"end":{"line":null,"column":-1}},"9":{"start":{"line":15,"column":2},"end":{"line":null,"column":-1}},"10":{"start":{"line":16,"column":2},"end":{"line":null,"column":-1}},"11":{"start":{"line":17,"column":2},"end":{"line":null,"column":-1}}},"fnMap":{"0":{"name":"registerCommonMiddleware","decl":{"start":{"line":9,"column":6},"end":{"line":9,"column":33}},"loc":{"start":{"line":9,"column":40},"end":{"line":9,"column":0}}}},"branchMap":{},"s":{"0":0,"1":0,"2":0,"3":0,"4":0,"5":0,"6":0,"7":0,"8":0,"9":0,"10":0,"11":0},"f":{"0":0},"b":{}}
,"/Users/alexquirk/Dev/personal/gym-diary/src/server/middlewares/registerServerSideRenderMiddleware.js": {"path":"/Users/alexquirk/Dev/personal/gym-diary/src/server/middlewares/registerServerSideRenderMiddleware.js","statementMap":{"0":{"start":{"line":2,"column":0},"end":{"line":null,"column":-1}},"1":{"start":{"line":3,"column":0},"end":{"line":null,"column":-1}},"2":{"start":{"line":5,"column":0},"end":{"line":null,"column":-1}},"3":{"start":{"line":6,"column":0},"end":{"line":null,"column":-1}},"4":{"start":{"line":8,"column":0},"end":{"line":null,"column":-1}},"5":{"start":{"line":10,"column":43},"end":{"line":10,"column":0}},"6":{"start":{"line":12,"column":4},"end":{"line":11,"column":2}},"7":{"start":{"line":19,"column":2},"end":{"line":null,"column":-1}},"8":{"start":{"line":20,"column":18},"end":{"line":20,"column":4}},"9":{"start":{"line":21,"column":17},"end":{"line":21,"column":4}},"10":{"start":{"line":26,"column":4},"end":{"line":null,"column":-1}},"11":{"start":{"line":32,"column":4},"end":{"line":null,"column":-1}},"12":{"start":{"line":34,"column":2},"end":{"line":null,"column":-1}}},"fnMap":{"0":{"name":"registerServerSideRenderMiddleware","decl":{"start":{"line":10,"column":6},"end":{"line":10,"column":43}},"loc":{"start":{"line":10,"column":50},"end":{"line":10,"column":0}}},"1":{"name":"(anonymous_2)","decl":{"start":{"line":19,"column":10},"end":{"line":19,"column":10}},"loc":{"start":{"line":19,"column":24},"end":{"line":19,"column":2}}}},"branchMap":{"0":{"loc":{"start":{"line":13,"column":8},"end":{"line":12,"column":4}},"type":"cond-expr","locations":[{"start":{"line":13,"column":8},"end":{"line":12,"column":4}},{"start":{"line":17,"column":8},"end":{"line":11,"column":2}}]}},"s":{"0":0,"1":0,"2":0,"3":0,"4":0,"5":0,"6":0,"7":0,"8":0,"9":0,"10":0,"11":0,"12":0},"f":{"0":0,"1":0},"b":{"0":[0,0]}}
}
