TN:
SF:/Users/alexquirk/Dev/personal/gym-diary/src/app/client.js
FN:29,(anonymous_0)
FNF:1
FNH:1
FNDA:2,(anonymous_0)
DA:15,1
DA:17,1
DA:19,1
DA:21,1
DA:29,1
DA:30,2
DA:35,1
LF:7
LH:7
BRF:0
BRH:0
end_of_record
TN:
SF:/Users/alexquirk/Dev/personal/gym-diary/src/app/routes.jsx
FNF:0
FNH:0
DA:1,0
DA:2,0
DA:3,0
DA:5,0
LF:4
LH:0
BRF:0
BRH:0
end_of_record
TN:
SF:/Users/alexquirk/Dev/personal/gym-diary/src/app/containers/App.jsx
FN:6,App
FNF:1
FNH:0
FNDA:0,App
DA:1,0
DA:2,0
DA:3,0
DA:4,0
DA:6,0
DA:20,0
LF:6
LH:0
BRF:0
BRH:0
end_of_record
TN:
SF:/Users/alexquirk/Dev/personal/gym-diary/src/app/containers/Home.jsx
FN:3,Home
FNF:1
FNH:0
FNDA:0,Home
DA:1,0
DA:3,0
LF:2
LH:0
BRF:0
BRH:0
end_of_record
TN:
SF:/Users/alexquirk/Dev/personal/gym-diary/src/app/containers/List.jsx
FN:3,List
FNF:1
FNH:0
FNDA:0,List
DA:1,0
DA:3,0
LF:2
LH:0
BRF:0
BRH:0
end_of_record
TN:
SF:/Users/alexquirk/Dev/personal/gym-diary/src/app/reducers/index.js
FNF:0
FNH:0
DA:1,0
DA:2,0
DA:4,0
LF:3
LH:0
BRF:0
BRH:0
end_of_record
TN:
SF:/Users/alexquirk/Dev/personal/gym-diary/src/server/index.js
FNF:0
FNH:0
DA:1,0
DA:2,0
DA:4,0
DA:5,0
DA:6,0
DA:8,0
DA:10,0
LF:7
LH:0
BRF:0
BRH:0
end_of_record
TN:
SF:/Users/alexquirk/Dev/personal/gym-diary/src/server/logger.js
FNF:0
FNH:0
DA:2,0
DA:4,0
DA:21,0
DA:22,0
LF:4
LH:0
BRDA:21,0,0,0
BRDA:21,0,1,0
BRF:2
BRH:0
end_of_record
TN:
SF:/Users/alexquirk/Dev/personal/gym-diary/src/server/startApp.js
FN:6,startApplication
FN:9,(anonymous_2)
FN:12,(anonymous_3)
FNF:3
FNH:0
FNDA:0,startApplication
FNDA:0,(anonymous_2)
FNDA:0,(anonymous_3)
DA:2,0
DA:3,0
DA:6,0
DA:7,0
DA:9,0
DA:12,0
DA:13,0
DA:14,0
DA:15,0
LF:9
LH:0
BRDA:14,0,0,0
BRDA:14,0,1,0
BRF:2
BRH:0
end_of_record
TN:
SF:/Users/alexquirk/Dev/personal/gym-diary/src/server/config/index.js
FNF:0
FNH:0
DA:1,0
LF:1
LH:0
BRF:0
BRH:0
end_of_record
TN:
SF:/Users/alexquirk/Dev/personal/gym-diary/src/server/middlewares/registerCommonMiddleware.js
FN:9,registerCommonMiddleware
FNF:1
FNH:0
FNDA:0,registerCommonMiddleware
DA:2,0
DA:3,0
DA:4,0
DA:5,0
DA:6,0
DA:7,0
DA:9,0
DA:10,0
DA:11,0
DA:15,0
DA:16,0
DA:17,0
LF:12
LH:0
BRF:0
BRH:0
end_of_record
TN:
SF:/Users/alexquirk/Dev/personal/gym-diary/src/server/middlewares/registerServerSideRenderMiddleware.js
FN:10,registerServerSideRenderMiddleware
FN:19,(anonymous_2)
FNF:2
FNH:0
FNDA:0,registerServerSideRenderMiddleware
FNDA:0,(anonymous_2)
DA:2,0
DA:3,0
DA:5,0
DA:6,0
DA:8,0
DA:10,0
DA:12,0
DA:19,0
DA:20,0
DA:21,0
DA:26,0
DA:32,0
DA:34,0
LF:13
LH:0
BRDA:13,0,0,0
BRDA:13,0,1,0
BRF:2
BRH:0
end_of_record
